<?xml version="1.0" encoding="UTF-8"?>
<testsuite name="HeaderIsLoadedTest" tests="1" skipped="0" failures="0" errors="0" timestamp="2020-04-22T01:10:46" hostname="LAPTOP-HGKF2MPG" time="27.831">
  <properties/>
  <testcase name="headerTest" classname="HeaderIsLoadedTest" time="27.831"/>
  <system-out><![CDATA[Button text:Курсы валют
Еще
Button text:Новости
Button text:Руководство
Button text:Инвесторам
Button text:Документы
Button text:Реквизиты
Еще
Button text:Бренд Тинькофф
]]></system-out>
  <system-err><![CDATA[SLF4J: Failed to load class "org.slf4j.impl.StaticLoggerBinder".
SLF4J: Defaulting to no-operation (NOP) logger implementation
SLF4J: See http://www.slf4j.org/codes.html#StaticLoggerBinder for further details.
Starting ChromeDriver 80.0.3987.106 (f68069574609230cf9b635cd784cfb1bf81bb53a-refs/branch-heads/3987@{#882}) on port 48353
Only local connections are allowed.
Please protect ports used by ChromeDriver and related test frameworks to prevent access by malicious code.
[1587517848.493][WARNING]: This version of ChromeDriver has not been tested with Chrome version 81.
[1587517850.509][WARNING]: Timed out connecting to Chrome, retrying...
[1587517854.547][WARNING]: Timed out connecting to Chrome, retrying...
Apr 22, 2020 6:10:56 AM org.openqa.selenium.remote.ProtocolHandshake createSession
INFO: Detected dialect: W3C
[1587517857.553][SEVERE]: Timed out receiving message from renderer: 0.100
[1587517857.802][SEVERE]: Timed out receiving message from renderer: 0.100
[1587517858.156][SEVERE]: Timed out receiving message from renderer: 0.100
[1587517859.879][SEVERE]: Timed out receiving message from renderer: 0.100
[1587517861.327][SEVERE]: Timed out receiving message from renderer: 0.100
[1587517863.314][SEVERE]: Timed out receiving message from renderer: 0.100
[1587517863.890][SEVERE]: Timed out receiving message from renderer: 0.100
[1587517867.706][SEVERE]: Timed out receiving message from renderer: 0.100
[1587517869.962][SEVERE]: Timed out receiving message from renderer: 0.100
[1587517872.244][SEVERE]: Timed out receiving message from renderer: 0.100
]]></system-err>
</testsuite>
