<?xml version="1.0" encoding="UTF-8"?>
<testsuite name="FooterIsLoadedTest" tests="1" skipped="0" failures="0" errors="0" timestamp="2020-04-21T01:29:46" hostname="LAPTOP-HGKF2MPG" time="13.824">
  <properties/>
  <testcase name="footerTest" classname="FooterIsLoadedTest" time="13.824"/>
  <system-out><![CDATA[Go to button: О банке
]]></system-out>
  <system-err><![CDATA[SLF4J: Failed to load class "org.slf4j.impl.StaticLoggerBinder".
SLF4J: Defaulting to no-operation (NOP) logger implementation
SLF4J: See http://www.slf4j.org/codes.html#StaticLoggerBinder for further details.
Starting ChromeDriver 80.0.3987.106 (f68069574609230cf9b635cd784cfb1bf81bb53a-refs/branch-heads/3987@{#882}) on port 46969
Only local connections are allowed.
Please protect ports used by ChromeDriver and related test frameworks to prevent access by malicious code.
[1587432591.076][WARNING]: Timed out connecting to Chrome, retrying...
[1587432595.116][WARNING]: Timed out connecting to Chrome, retrying...
Apr 21, 2020 6:29:57 AM org.openqa.selenium.remote.ProtocolHandshake createSession
INFO: Detected dialect: W3C
[1587432598.069][SEVERE]: Timed out receiving message from renderer: 0.100
[1587432598.361][SEVERE]: Timed out receiving message from renderer: 0.100
]]></system-err>
</testsuite>
